<?xml version="1.0" encoding="UTF-8" ?>
<testsuite failures="0" time="0.051" errors="0" skipped="0" tests="0" name="de.ifgi.lod4wfs.tests.TestGeoTools">
  <properties>
    <property name="java.runtime.name" value="OpenJDK Runtime Environment"/>
    <property name="sun.boot.library.path" value="/usr/lib/jvm/java-7-openjdk-amd64/jre/lib/amd64"/>
    <property name="java.vm.version" value="24.79-b02"/>
    <property name="java.vm.vendor" value="Oracle Corporation"/>
    <property name="java.vendor.url" value="http://java.oracle.com/"/>
    <property name="path.separator" value=":"/>
    <property name="java.vm.name" value="OpenJDK 64-Bit Server VM"/>
    <property name="file.encoding.pkg" value="sun.io"/>
    <property name="user.country" value="US"/>
    <property name="sun.java.launcher" value="SUN_STANDARD"/>
    <property name="sun.os.patch.level" value="unknown"/>
    <property name="java.vm.specification.name" value="Java Virtual Machine Specification"/>
    <property name="user.dir" value="/home/adminuser/Desktop/workspace/lod4wfs/lod4wfs"/>
    <property name="java.runtime.version" value="1.7.0_79-b14"/>
    <property name="java.awt.graphicsenv" value="sun.awt.X11GraphicsEnvironment"/>
    <property name="basedir" value="/home/adminuser/Desktop/workspace/lod4wfs/lod4wfs"/>
    <property name="java.endorsed.dirs" value="/usr/lib/jvm/java-7-openjdk-amd64/jre/lib/endorsed"/>
    <property name="os.arch" value="amd64"/>
    <property name="surefire.real.class.path" value="/home/adminuser/Desktop/workspace/lod4wfs/lod4wfs/target/surefire/surefirebooter8279300970177303748.jar"/>
    <property name="java.io.tmpdir" value="/tmp"/>
    <property name="line.separator" value="
"/>
    <property name="java.vm.specification.vendor" value="Oracle Corporation"/>
    <property name="os.name" value="Linux"/>
    <property name="sun.jnu.encoding" value="UTF-8"/>
    <property name="java.library.path" value="/usr/java/packages/lib/amd64:/usr/lib/x86_64-linux-gnu/jni:/lib/x86_64-linux-gnu:/usr/lib/x86_64-linux-gnu:/usr/lib/jni:/lib:/usr/lib"/>
    <property name="surefire.test.class.path" value="/home/adminuser/Desktop/workspace/lod4wfs/lod4wfs/target/test-classes:/home/adminuser/Desktop/workspace/lod4wfs/lod4wfs/target/classes:/home/adminuser/.m2/repository/org/apache/jena/jena-tdb/0.10.0/jena-tdb-0.10.0.jar:/home/adminuser/.m2/repository/org/apache/jena/jena-arq/2.10.0/jena-arq-2.10.0.jar:/home/adminuser/.m2/repository/org/slf4j/jcl-over-slf4j/1.6.4/jcl-over-slf4j-1.6.4.jar:/home/adminuser/.m2/repository/org/apache/jena/jena-core/2.10.0/jena-core-2.10.0.jar:/home/adminuser/.m2/repository/org/apache/jena/jena-iri/0.9.5/jena-iri-0.9.5.jar:/home/adminuser/.m2/repository/xerces/xercesImpl/2.10.0/xercesImpl-2.10.0.jar:/home/adminuser/.m2/repository/xml-apis/xml-apis/1.4.01/xml-apis-1.4.01.jar:/home/adminuser/.m2/repository/org/slf4j/slf4j-api/1.6.4/slf4j-api-1.6.4.jar:/home/adminuser/.m2/repository/org/slf4j/slf4j-log4j12/1.6.4/slf4j-log4j12-1.6.4.jar:/home/adminuser/.m2/repository/log4j/log4j/1.2.16/log4j-1.2.16.jar:/home/adminuser/.m2/repository/org/mortbay/jetty/jetty-maven-plugin/8.1.10.v20130312/jetty-maven-plugin-8.1.10.v20130312.jar:/home/adminuser/.m2/repository/org/eclipse/jetty/jetty-util/8.1.10.v20130312/jetty-util-8.1.10.v20130312.jar:/home/adminuser/.m2/repository/org/eclipse/jetty/jetty-webapp/8.1.10.v20130312/jetty-webapp-8.1.10.v20130312.jar:/home/adminuser/.m2/repository/org/eclipse/jetty/jetty-xml/8.1.10.v20130312/jetty-xml-8.1.10.v20130312.jar:/home/adminuser/.m2/repository/org/eclipse/jetty/jetty-servlet/8.1.10.v20130312/jetty-servlet-8.1.10.v20130312.jar:/home/adminuser/.m2/repository/org/eclipse/jetty/jetty-security/8.1.10.v20130312/jetty-security-8.1.10.v20130312.jar:/home/adminuser/.m2/repository/org/apache/maven/maven-plugin-api/3.0.3/maven-plugin-api-3.0.3.jar:/home/adminuser/.m2/repository/org/apache/maven/maven-model/3.0.3/maven-model-3.0.3.jar:/home/adminuser/.m2/repository/org/sonatype/sisu/sisu-inject-plexus/2.1.1/sisu-inject-plexus-2.1.1.jar:/home/adminuser/.m2/repository/org/sonatype/sisu/sisu-inject-bean/2.1.1/sisu-inject-bean-2.1.1.jar:/home/adminuser/.m2/repository/org/sonatype/sisu/sisu-guice/2.9.4/sisu-guice-2.9.4-no_aop.jar:/home/adminuser/.m2/repository/org/apache/maven/maven-artifact/3.0.3/maven-artifact-3.0.3.jar:/home/adminuser/.m2/repository/org/codehaus/plexus/plexus-utils/2.0.6/plexus-utils-2.0.6.jar:/home/adminuser/.m2/repository/org/apache/maven/maven-core/3.0.3/maven-core-3.0.3.jar:/home/adminuser/.m2/repository/org/apache/maven/maven-settings/3.0.3/maven-settings-3.0.3.jar:/home/adminuser/.m2/repository/org/apache/maven/maven-settings-builder/3.0.3/maven-settings-builder-3.0.3.jar:/home/adminuser/.m2/repository/org/apache/maven/maven-repository-metadata/3.0.3/maven-repository-metadata-3.0.3.jar:/home/adminuser/.m2/repository/org/apache/maven/maven-model-builder/3.0.3/maven-model-builder-3.0.3.jar:/home/adminuser/.m2/repository/org/apache/maven/maven-aether-provider/3.0.3/maven-aether-provider-3.0.3.jar:/home/adminuser/.m2/repository/org/sonatype/aether/aether-spi/1.11/aether-spi-1.11.jar:/home/adminuser/.m2/repository/org/sonatype/aether/aether-impl/1.11/aether-impl-1.11.jar:/home/adminuser/.m2/repository/org/sonatype/aether/aether-api/1.11/aether-api-1.11.jar:/home/adminuser/.m2/repository/org/sonatype/aether/aether-util/1.11/aether-util-1.11.jar:/home/adminuser/.m2/repository/org/codehaus/plexus/plexus-interpolation/1.14/plexus-interpolation-1.14.jar:/home/adminuser/.m2/repository/org/codehaus/plexus/plexus-classworlds/2.4/plexus-classworlds-2.4.jar:/home/adminuser/.m2/repository/org/codehaus/plexus/plexus-component-annotations/1.5.5/plexus-component-annotations-1.5.5.jar:/home/adminuser/.m2/repository/org/sonatype/plexus/plexus-sec-dispatcher/1.3/plexus-sec-dispatcher-1.3.jar:/home/adminuser/.m2/repository/org/sonatype/plexus/plexus-cipher/1.4/plexus-cipher-1.4.jar:/home/adminuser/.m2/repository/org/apache/maven/plugin-tools/maven-plugin-tools-api/2.9/maven-plugin-tools-api-2.9.jar:/home/adminuser/.m2/repository/org/apache/maven/maven-project/2.0.6/maven-project-2.0.6.jar:/home/adminuser/.m2/repository/org/apache/maven/maven-profile/2.0.6/maven-profile-2.0.6.jar:/home/adminuser/.m2/repository/org/apache/maven/maven-artifact-manager/2.0.6/maven-artifact-manager-2.0.6.jar:/home/adminuser/.m2/repository/org/apache/maven/wagon/wagon-provider-api/1.0-beta-2/wagon-provider-api-1.0-beta-2.jar:/home/adminuser/.m2/repository/org/apache/maven/maven-plugin-registry/2.0.6/maven-plugin-registry-2.0.6.jar:/home/adminuser/.m2/repository/org/apache/maven/reporting/maven-reporting-api/2.0.6/maven-reporting-api-2.0.6.jar:/home/adminuser/.m2/repository/org/apache/maven/doxia/doxia-sink-api/1.0-alpha-7/doxia-sink-api-1.0-alpha-7.jar:/home/adminuser/.m2/repository/org/apache/maven/maven-plugin-descriptor/2.0.6/maven-plugin-descriptor-2.0.6.jar:/home/adminuser/.m2/repository/org/codehaus/plexus/plexus-container-default/1.0-alpha-9-stable-1/plexus-container-default-1.0-alpha-9-stable-1.jar:/home/adminuser/.m2/repository/classworlds/classworlds/1.1-alpha-2/classworlds-1.1-alpha-2.jar:/home/adminuser/.m2/repository/net/sf/jtidy/jtidy/r938/jtidy-r938.jar:/home/adminuser/.m2/repository/org/eclipse/jetty/jetty-plus/8.1.10.v20130312/jetty-plus-8.1.10.v20130312.jar:/home/adminuser/.m2/repository/org/eclipse/jetty/orbit/javax.transaction/1.1.1.v201105210645/javax.transaction-1.1.1.v201105210645.jar:/home/adminuser/.m2/repository/org/eclipse/jetty/jetty-jndi/8.1.10.v20130312/jetty-jndi-8.1.10.v20130312.jar:/home/adminuser/.m2/repository/org/eclipse/jetty/jetty-server/8.1.10.v20130312/jetty-server-8.1.10.v20130312.jar:/home/adminuser/.m2/repository/org/eclipse/jetty/orbit/javax.servlet/3.0.0.v201112011016/javax.servlet-3.0.0.v201112011016.jar:/home/adminuser/.m2/repository/org/eclipse/jetty/jetty-continuation/8.1.10.v20130312/jetty-continuation-8.1.10.v20130312.jar:/home/adminuser/.m2/repository/org/eclipse/jetty/orbit/javax.mail.glassfish/1.4.1.v201005082020/javax.mail.glassfish-1.4.1.v201005082020.jar:/home/adminuser/.m2/repository/org/eclipse/jetty/orbit/javax.activation/1.1.0.v201105071233/javax.activation-1.1.0.v201105071233.jar:/home/adminuser/.m2/repository/org/eclipse/jetty/jetty-jmx/8.1.10.v20130312/jetty-jmx-8.1.10.v20130312.jar:/home/adminuser/.m2/repository/org/eclipse/jetty/jetty-annotations/8.1.10.v20130312/jetty-annotations-8.1.10.v20130312.jar:/home/adminuser/.m2/repository/org/eclipse/jetty/orbit/javax.annotation/1.1.0.v201108011116/javax.annotation-1.1.0.v201108011116.jar:/home/adminuser/.m2/repository/org/eclipse/jetty/orbit/org.objectweb.asm/3.1.0.v200803061910/org.objectweb.asm-3.1.0.v200803061910.jar:/home/adminuser/.m2/repository/org/eclipse/jetty/jetty-websocket/8.1.10.v20130312/jetty-websocket-8.1.10.v20130312.jar:/home/adminuser/.m2/repository/org/eclipse/jetty/jetty-io/8.1.10.v20130312/jetty-io-8.1.10.v20130312.jar:/home/adminuser/.m2/repository/org/eclipse/jetty/jetty-http/8.1.10.v20130312/jetty-http-8.1.10.v20130312.jar:/home/adminuser/.m2/repository/org/eclipse/jetty/jetty-jsp/8.1.10.v20130312/jetty-jsp-8.1.10.v20130312.jar:/home/adminuser/.m2/repository/org/eclipse/jetty/orbit/javax.servlet.jsp/2.2.0.v201112011158/javax.servlet.jsp-2.2.0.v201112011158.jar:/home/adminuser/.m2/repository/org/eclipse/jetty/orbit/org.apache.jasper.glassfish/2.2.2.v201112011158/org.apache.jasper.glassfish-2.2.2.v201112011158.jar:/home/adminuser/.m2/repository/org/eclipse/jetty/orbit/javax.servlet.jsp.jstl/1.2.0.v201105211821/javax.servlet.jsp.jstl-1.2.0.v201105211821.jar:/home/adminuser/.m2/repository/org/eclipse/jetty/orbit/org.apache.taglibs.standard.glassfish/1.2.0.v201112081803/org.apache.taglibs.standard.glassfish-1.2.0.v201112081803.jar:/home/adminuser/.m2/repository/org/eclipse/jetty/orbit/javax.el/2.2.0.v201108011116/javax.el-2.2.0.v201108011116.jar:/home/adminuser/.m2/repository/org/eclipse/jetty/orbit/com.sun.el/2.2.0.v201108011116/com.sun.el-2.2.0.v201108011116.jar:/home/adminuser/.m2/repository/org/eclipse/jetty/orbit/org.eclipse.jdt.core/3.7.1/org.eclipse.jdt.core-3.7.1.jar:/home/adminuser/.m2/repository/junit/junit/3.8.1/junit-3.8.1.jar:/home/adminuser/.m2/repository/org/geotools/gt-shapefile/12.2/gt-shapefile-12.2.jar:/home/adminuser/.m2/repository/org/geotools/gt-data/12.2/gt-data-12.2.jar:/home/adminuser/.m2/repository/org/jdom/jdom/1.1.3/jdom-1.1.3.jar:/home/adminuser/.m2/repository/javax/media/jai_core/1.1.3/jai_core-1.1.3.jar:/home/adminuser/.m2/repository/org/geotools/gt-swing/12.2/gt-swing-12.2.jar:/home/adminuser/.m2/repository/org/geotools/gt-referencing/12.2/gt-referencing-12.2.jar:/home/adminuser/.m2/repository/java3d/vecmath/1.3.2/vecmath-1.3.2.jar:/home/adminuser/.m2/repository/commons-pool/commons-pool/1.5.4/commons-pool-1.5.4.jar:/home/adminuser/.m2/repository/org/geotools/gt-metadata/12.2/gt-metadata-12.2.jar:/home/adminuser/.m2/repository/org/geotools/gt-opengis/12.2/gt-opengis-12.2.jar:/home/adminuser/.m2/repository/net/java/dev/jsr-275/jsr-275/1.0-beta-2/jsr-275-1.0-beta-2.jar:/home/adminuser/.m2/repository/jgridshift/jgridshift/1.0/jgridshift-1.0.jar:/home/adminuser/.m2/repository/org/geotools/gt-render/12.2/gt-render-12.2.jar:/home/adminuser/.m2/repository/org/geotools/gt-coverage/12.2/gt-coverage-12.2.jar:/home/adminuser/.m2/repository/javax/media/jai_imageio/1.1/jai_imageio-1.1.jar:/home/adminuser/.m2/repository/it/geosolutions/imageio-ext/imageio-ext-tiff/1.1.10/imageio-ext-tiff-1.1.10.jar:/home/adminuser/.m2/repository/it/geosolutions/imageio-ext/imageio-ext-utilities/1.1.10/imageio-ext-utilities-1.1.10.jar:/home/adminuser/.m2/repository/javax/media/jai_codec/1.1.3/jai_codec-1.1.3.jar:/home/adminuser/.m2/repository/org/jaitools/jt-zonalstats/1.3.1/jt-zonalstats-1.3.1.jar:/home/adminuser/.m2/repository/org/jaitools/jt-utils/1.3.1/jt-utils-1.3.1.jar:/home/adminuser/.m2/repository/org/geotools/gt-cql/12.2/gt-cql-12.2.jar:/home/adminuser/.m2/repository/com/miglayout/miglayout/3.7/miglayout-3.7-swing.jar:/home/adminuser/.m2/repository/org/geotools/gt-epsg-hsql/12.2/gt-epsg-hsql-12.2.jar:/home/adminuser/.m2/repository/org/hsqldb/hsqldb/2.2.8/hsqldb-2.2.8.jar:/home/adminuser/.m2/repository/org/geotools/gt-wfs/12.2/gt-wfs-12.2.jar:/home/adminuser/.m2/repository/org/geotools/gt-xml/12.2/gt-xml-12.2.jar:/home/adminuser/.m2/repository/org/geotools/gt-api/12.2/gt-api-12.2.jar:/home/adminuser/.m2/repository/org/apache/xml/xml-commons-resolver/1.2/xml-commons-resolver-1.2.jar:/home/adminuser/.m2/repository/org/geotools/xsd/gt-xsd-wfs/12.2/gt-xsd-wfs-12.2.jar:/home/adminuser/.m2/repository/org/geotools/xsd/gt-xsd-filter/12.2/gt-xsd-filter-12.2.jar:/home/adminuser/.m2/repository/org/geotools/xsd/gt-xsd-core/12.2/gt-xsd-core-12.2.jar:/home/adminuser/.m2/repository/org/geotools/gt-graph/12.2/gt-graph-12.2.jar:/home/adminuser/.m2/repository/picocontainer/picocontainer/1.2/picocontainer-1.2.jar:/home/adminuser/.m2/repository/commons-jxpath/commons-jxpath/1.3/commons-jxpath-1.3.jar:/home/adminuser/.m2/repository/commons-collections/commons-collections/3.1/commons-collections-3.1.jar:/home/adminuser/.m2/repository/org/eclipse/xsd/xsd/2.6.0/xsd-2.6.0.jar:/home/adminuser/.m2/repository/org/geotools/xsd/gt-xsd-gml2/12.2/gt-xsd-gml2-12.2.jar:/home/adminuser/.m2/repository/org/geotools/xsd/gt-xsd-gml3/12.2/gt-xsd-gml3-12.2.jar:/home/adminuser/.m2/repository/org/geotools/xsd/gt-xsd-fes/12.2/gt-xsd-fes-12.2.jar:/home/adminuser/.m2/repository/org/geotools/xsd/gt-xsd-ows/12.2/gt-xsd-ows-12.2.jar:/home/adminuser/.m2/repository/org/geotools/ogc/net.opengis.ows/12.2/net.opengis.ows-12.2.jar:/home/adminuser/.m2/repository/org/geotools/ogc/net.opengis.wfs/12.2/net.opengis.wfs-12.2.jar:/home/adminuser/.m2/repository/org/geotools/ogc/org.w3.xlink/12.2/org.w3.xlink-12.2.jar:/home/adminuser/.m2/repository/org/geotools/ogc/net.opengis.fes/12.2/net.opengis.fes-12.2.jar:/home/adminuser/.m2/repository/org/eclipse/emf/common/2.6.0/common-2.6.0.jar:/home/adminuser/.m2/repository/org/eclipse/emf/ecore/2.6.1/ecore-2.6.1.jar:/home/adminuser/.m2/repository/xpp3/xpp3_min/1.1.4c/xpp3_min-1.1.4c.jar:/home/adminuser/.m2/repository/commons-httpclient/commons-httpclient/3.1/commons-httpclient-3.1.jar:/home/adminuser/.m2/repository/commons-logging/commons-logging/1.0.4/commons-logging-1.0.4.jar:/home/adminuser/.m2/repository/commons-codec/commons-codec/1.2/commons-codec-1.2.jar:/home/adminuser/.m2/repository/commons-io/commons-io/2.1/commons-io-2.1.jar:/home/adminuser/.m2/repository/org/geotools/gt-geojson/12.2/gt-geojson-12.2.jar:/home/adminuser/.m2/repository/org/geotools/gt-main/12.2/gt-main-12.2.jar:/home/adminuser/.m2/repository/com/vividsolutions/jts/1.13/jts-1.13.jar:/home/adminuser/.m2/repository/com/googlecode/json-simple/json-simple/1.1/json-simple-1.1.jar:/home/adminuser/.m2/repository/org/ini4j/ini4j/0.5.1/ini4j-0.5.1.jar:/home/adminuser/.m2/repository/com/google/code/gson/gson/2.2.4/gson-2.2.4.jar:/home/adminuser/.m2/repository/org/apache/solr/solr-solrj/4.10.3/solr-solrj-4.10.3.jar:/home/adminuser/.m2/repository/org/apache/httpcomponents/httpclient/4.3.1/httpclient-4.3.1.jar:/home/adminuser/.m2/repository/org/apache/httpcomponents/httpcore/4.3/httpcore-4.3.jar:/home/adminuser/.m2/repository/org/apache/httpcomponents/httpmime/4.3.1/httpmime-4.3.1.jar:/home/adminuser/.m2/repository/org/apache/zookeeper/zookeeper/3.4.6/zookeeper-3.4.6.jar:/home/adminuser/.m2/repository/org/codehaus/woodstox/wstx-asl/3.2.7/wstx-asl-3.2.7.jar:/home/adminuser/.m2/repository/org/noggit/noggit/0.5/noggit-0.5.jar:"/>
    <property name="java.specification.name" value="Java Platform API Specification"/>
    <property name="java.class.version" value="51.0"/>
    <property name="sun.management.compiler" value="HotSpot 64-Bit Tiered Compilers"/>
    <property name="os.version" value="3.16.0-44-generic"/>
    <property name="user.home" value="/home/adminuser"/>
    <property name="user.timezone" value="America/New_York"/>
    <property name="java.awt.printerjob" value="sun.print.PSPrinterJob"/>
    <property name="file.encoding" value="UTF-8"/>
    <property name="java.specification.version" value="1.7"/>
    <property name="user.name" value="adminuser"/>
    <property name="java.class.path" value="/home/adminuser/Desktop/workspace/lod4wfs/lod4wfs/target/test-classes:/home/adminuser/Desktop/workspace/lod4wfs/lod4wfs/target/classes:/home/adminuser/.m2/repository/org/apache/jena/jena-tdb/0.10.0/jena-tdb-0.10.0.jar:/home/adminuser/.m2/repository/org/apache/jena/jena-arq/2.10.0/jena-arq-2.10.0.jar:/home/adminuser/.m2/repository/org/slf4j/jcl-over-slf4j/1.6.4/jcl-over-slf4j-1.6.4.jar:/home/adminuser/.m2/repository/org/apache/jena/jena-core/2.10.0/jena-core-2.10.0.jar:/home/adminuser/.m2/repository/org/apache/jena/jena-iri/0.9.5/jena-iri-0.9.5.jar:/home/adminuser/.m2/repository/xerces/xercesImpl/2.10.0/xercesImpl-2.10.0.jar:/home/adminuser/.m2/repository/xml-apis/xml-apis/1.4.01/xml-apis-1.4.01.jar:/home/adminuser/.m2/repository/org/slf4j/slf4j-api/1.6.4/slf4j-api-1.6.4.jar:/home/adminuser/.m2/repository/org/slf4j/slf4j-log4j12/1.6.4/slf4j-log4j12-1.6.4.jar:/home/adminuser/.m2/repository/log4j/log4j/1.2.16/log4j-1.2.16.jar:/home/adminuser/.m2/repository/org/mortbay/jetty/jetty-maven-plugin/8.1.10.v20130312/jetty-maven-plugin-8.1.10.v20130312.jar:/home/adminuser/.m2/repository/org/eclipse/jetty/jetty-util/8.1.10.v20130312/jetty-util-8.1.10.v20130312.jar:/home/adminuser/.m2/repository/org/eclipse/jetty/jetty-webapp/8.1.10.v20130312/jetty-webapp-8.1.10.v20130312.jar:/home/adminuser/.m2/repository/org/eclipse/jetty/jetty-xml/8.1.10.v20130312/jetty-xml-8.1.10.v20130312.jar:/home/adminuser/.m2/repository/org/eclipse/jetty/jetty-servlet/8.1.10.v20130312/jetty-servlet-8.1.10.v20130312.jar:/home/adminuser/.m2/repository/org/eclipse/jetty/jetty-security/8.1.10.v20130312/jetty-security-8.1.10.v20130312.jar:/home/adminuser/.m2/repository/org/apache/maven/maven-plugin-api/3.0.3/maven-plugin-api-3.0.3.jar:/home/adminuser/.m2/repository/org/apache/maven/maven-model/3.0.3/maven-model-3.0.3.jar:/home/adminuser/.m2/repository/org/sonatype/sisu/sisu-inject-plexus/2.1.1/sisu-inject-plexus-2.1.1.jar:/home/adminuser/.m2/repository/org/sonatype/sisu/sisu-inject-bean/2.1.1/sisu-inject-bean-2.1.1.jar:/home/adminuser/.m2/repository/org/sonatype/sisu/sisu-guice/2.9.4/sisu-guice-2.9.4-no_aop.jar:/home/adminuser/.m2/repository/org/apache/maven/maven-artifact/3.0.3/maven-artifact-3.0.3.jar:/home/adminuser/.m2/repository/org/codehaus/plexus/plexus-utils/2.0.6/plexus-utils-2.0.6.jar:/home/adminuser/.m2/repository/org/apache/maven/maven-core/3.0.3/maven-core-3.0.3.jar:/home/adminuser/.m2/repository/org/apache/maven/maven-settings/3.0.3/maven-settings-3.0.3.jar:/home/adminuser/.m2/repository/org/apache/maven/maven-settings-builder/3.0.3/maven-settings-builder-3.0.3.jar:/home/adminuser/.m2/repository/org/apache/maven/maven-repository-metadata/3.0.3/maven-repository-metadata-3.0.3.jar:/home/adminuser/.m2/repository/org/apache/maven/maven-model-builder/3.0.3/maven-model-builder-3.0.3.jar:/home/adminuser/.m2/repository/org/apache/maven/maven-aether-provider/3.0.3/maven-aether-provider-3.0.3.jar:/home/adminuser/.m2/repository/org/sonatype/aether/aether-spi/1.11/aether-spi-1.11.jar:/home/adminuser/.m2/repository/org/sonatype/aether/aether-impl/1.11/aether-impl-1.11.jar:/home/adminuser/.m2/repository/org/sonatype/aether/aether-api/1.11/aether-api-1.11.jar:/home/adminuser/.m2/repository/org/sonatype/aether/aether-util/1.11/aether-util-1.11.jar:/home/adminuser/.m2/repository/org/codehaus/plexus/plexus-interpolation/1.14/plexus-interpolation-1.14.jar:/home/adminuser/.m2/repository/org/codehaus/plexus/plexus-classworlds/2.4/plexus-classworlds-2.4.jar:/home/adminuser/.m2/repository/org/codehaus/plexus/plexus-component-annotations/1.5.5/plexus-component-annotations-1.5.5.jar:/home/adminuser/.m2/repository/org/sonatype/plexus/plexus-sec-dispatcher/1.3/plexus-sec-dispatcher-1.3.jar:/home/adminuser/.m2/repository/org/sonatype/plexus/plexus-cipher/1.4/plexus-cipher-1.4.jar:/home/adminuser/.m2/repository/org/apache/maven/plugin-tools/maven-plugin-tools-api/2.9/maven-plugin-tools-api-2.9.jar:/home/adminuser/.m2/repository/org/apache/maven/maven-project/2.0.6/maven-project-2.0.6.jar:/home/adminuser/.m2/repository/org/apache/maven/maven-profile/2.0.6/maven-profile-2.0.6.jar:/home/adminuser/.m2/repository/org/apache/maven/maven-artifact-manager/2.0.6/maven-artifact-manager-2.0.6.jar:/home/adminuser/.m2/repository/org/apache/maven/wagon/wagon-provider-api/1.0-beta-2/wagon-provider-api-1.0-beta-2.jar:/home/adminuser/.m2/repository/org/apache/maven/maven-plugin-registry/2.0.6/maven-plugin-registry-2.0.6.jar:/home/adminuser/.m2/repository/org/apache/maven/reporting/maven-reporting-api/2.0.6/maven-reporting-api-2.0.6.jar:/home/adminuser/.m2/repository/org/apache/maven/doxia/doxia-sink-api/1.0-alpha-7/doxia-sink-api-1.0-alpha-7.jar:/home/adminuser/.m2/repository/org/apache/maven/maven-plugin-descriptor/2.0.6/maven-plugin-descriptor-2.0.6.jar:/home/adminuser/.m2/repository/org/codehaus/plexus/plexus-container-default/1.0-alpha-9-stable-1/plexus-container-default-1.0-alpha-9-stable-1.jar:/home/adminuser/.m2/repository/classworlds/classworlds/1.1-alpha-2/classworlds-1.1-alpha-2.jar:/home/adminuser/.m2/repository/net/sf/jtidy/jtidy/r938/jtidy-r938.jar:/home/adminuser/.m2/repository/org/eclipse/jetty/jetty-plus/8.1.10.v20130312/jetty-plus-8.1.10.v20130312.jar:/home/adminuser/.m2/repository/org/eclipse/jetty/orbit/javax.transaction/1.1.1.v201105210645/javax.transaction-1.1.1.v201105210645.jar:/home/adminuser/.m2/repository/org/eclipse/jetty/jetty-jndi/8.1.10.v20130312/jetty-jndi-8.1.10.v20130312.jar:/home/adminuser/.m2/repository/org/eclipse/jetty/jetty-server/8.1.10.v20130312/jetty-server-8.1.10.v20130312.jar:/home/adminuser/.m2/repository/org/eclipse/jetty/orbit/javax.servlet/3.0.0.v201112011016/javax.servlet-3.0.0.v201112011016.jar:/home/adminuser/.m2/repository/org/eclipse/jetty/jetty-continuation/8.1.10.v20130312/jetty-continuation-8.1.10.v20130312.jar:/home/adminuser/.m2/repository/org/eclipse/jetty/orbit/javax.mail.glassfish/1.4.1.v201005082020/javax.mail.glassfish-1.4.1.v201005082020.jar:/home/adminuser/.m2/repository/org/eclipse/jetty/orbit/javax.activation/1.1.0.v201105071233/javax.activation-1.1.0.v201105071233.jar:/home/adminuser/.m2/repository/org/eclipse/jetty/jetty-jmx/8.1.10.v20130312/jetty-jmx-8.1.10.v20130312.jar:/home/adminuser/.m2/repository/org/eclipse/jetty/jetty-annotations/8.1.10.v20130312/jetty-annotations-8.1.10.v20130312.jar:/home/adminuser/.m2/repository/org/eclipse/jetty/orbit/javax.annotation/1.1.0.v201108011116/javax.annotation-1.1.0.v201108011116.jar:/home/adminuser/.m2/repository/org/eclipse/jetty/orbit/org.objectweb.asm/3.1.0.v200803061910/org.objectweb.asm-3.1.0.v200803061910.jar:/home/adminuser/.m2/repository/org/eclipse/jetty/jetty-websocket/8.1.10.v20130312/jetty-websocket-8.1.10.v20130312.jar:/home/adminuser/.m2/repository/org/eclipse/jetty/jetty-io/8.1.10.v20130312/jetty-io-8.1.10.v20130312.jar:/home/adminuser/.m2/repository/org/eclipse/jetty/jetty-http/8.1.10.v20130312/jetty-http-8.1.10.v20130312.jar:/home/adminuser/.m2/repository/org/eclipse/jetty/jetty-jsp/8.1.10.v20130312/jetty-jsp-8.1.10.v20130312.jar:/home/adminuser/.m2/repository/org/eclipse/jetty/orbit/javax.servlet.jsp/2.2.0.v201112011158/javax.servlet.jsp-2.2.0.v201112011158.jar:/home/adminuser/.m2/repository/org/eclipse/jetty/orbit/org.apache.jasper.glassfish/2.2.2.v201112011158/org.apache.jasper.glassfish-2.2.2.v201112011158.jar:/home/adminuser/.m2/repository/org/eclipse/jetty/orbit/javax.servlet.jsp.jstl/1.2.0.v201105211821/javax.servlet.jsp.jstl-1.2.0.v201105211821.jar:/home/adminuser/.m2/repository/org/eclipse/jetty/orbit/org.apache.taglibs.standard.glassfish/1.2.0.v201112081803/org.apache.taglibs.standard.glassfish-1.2.0.v201112081803.jar:/home/adminuser/.m2/repository/org/eclipse/jetty/orbit/javax.el/2.2.0.v201108011116/javax.el-2.2.0.v201108011116.jar:/home/adminuser/.m2/repository/org/eclipse/jetty/orbit/com.sun.el/2.2.0.v201108011116/com.sun.el-2.2.0.v201108011116.jar:/home/adminuser/.m2/repository/org/eclipse/jetty/orbit/org.eclipse.jdt.core/3.7.1/org.eclipse.jdt.core-3.7.1.jar:/home/adminuser/.m2/repository/junit/junit/3.8.1/junit-3.8.1.jar:/home/adminuser/.m2/repository/org/geotools/gt-shapefile/12.2/gt-shapefile-12.2.jar:/home/adminuser/.m2/repository/org/geotools/gt-data/12.2/gt-data-12.2.jar:/home/adminuser/.m2/repository/org/jdom/jdom/1.1.3/jdom-1.1.3.jar:/home/adminuser/.m2/repository/javax/media/jai_core/1.1.3/jai_core-1.1.3.jar:/home/adminuser/.m2/repository/org/geotools/gt-swing/12.2/gt-swing-12.2.jar:/home/adminuser/.m2/repository/org/geotools/gt-referencing/12.2/gt-referencing-12.2.jar:/home/adminuser/.m2/repository/java3d/vecmath/1.3.2/vecmath-1.3.2.jar:/home/adminuser/.m2/repository/commons-pool/commons-pool/1.5.4/commons-pool-1.5.4.jar:/home/adminuser/.m2/repository/org/geotools/gt-metadata/12.2/gt-metadata-12.2.jar:/home/adminuser/.m2/repository/org/geotools/gt-opengis/12.2/gt-opengis-12.2.jar:/home/adminuser/.m2/repository/net/java/dev/jsr-275/jsr-275/1.0-beta-2/jsr-275-1.0-beta-2.jar:/home/adminuser/.m2/repository/jgridshift/jgridshift/1.0/jgridshift-1.0.jar:/home/adminuser/.m2/repository/org/geotools/gt-render/12.2/gt-render-12.2.jar:/home/adminuser/.m2/repository/org/geotools/gt-coverage/12.2/gt-coverage-12.2.jar:/home/adminuser/.m2/repository/javax/media/jai_imageio/1.1/jai_imageio-1.1.jar:/home/adminuser/.m2/repository/it/geosolutions/imageio-ext/imageio-ext-tiff/1.1.10/imageio-ext-tiff-1.1.10.jar:/home/adminuser/.m2/repository/it/geosolutions/imageio-ext/imageio-ext-utilities/1.1.10/imageio-ext-utilities-1.1.10.jar:/home/adminuser/.m2/repository/javax/media/jai_codec/1.1.3/jai_codec-1.1.3.jar:/home/adminuser/.m2/repository/org/jaitools/jt-zonalstats/1.3.1/jt-zonalstats-1.3.1.jar:/home/adminuser/.m2/repository/org/jaitools/jt-utils/1.3.1/jt-utils-1.3.1.jar:/home/adminuser/.m2/repository/org/geotools/gt-cql/12.2/gt-cql-12.2.jar:/home/adminuser/.m2/repository/com/miglayout/miglayout/3.7/miglayout-3.7-swing.jar:/home/adminuser/.m2/repository/org/geotools/gt-epsg-hsql/12.2/gt-epsg-hsql-12.2.jar:/home/adminuser/.m2/repository/org/hsqldb/hsqldb/2.2.8/hsqldb-2.2.8.jar:/home/adminuser/.m2/repository/org/geotools/gt-wfs/12.2/gt-wfs-12.2.jar:/home/adminuser/.m2/repository/org/geotools/gt-xml/12.2/gt-xml-12.2.jar:/home/adminuser/.m2/repository/org/geotools/gt-api/12.2/gt-api-12.2.jar:/home/adminuser/.m2/repository/org/apache/xml/xml-commons-resolver/1.2/xml-commons-resolver-1.2.jar:/home/adminuser/.m2/repository/org/geotools/xsd/gt-xsd-wfs/12.2/gt-xsd-wfs-12.2.jar:/home/adminuser/.m2/repository/org/geotools/xsd/gt-xsd-filter/12.2/gt-xsd-filter-12.2.jar:/home/adminuser/.m2/repository/org/geotools/xsd/gt-xsd-core/12.2/gt-xsd-core-12.2.jar:/home/adminuser/.m2/repository/org/geotools/gt-graph/12.2/gt-graph-12.2.jar:/home/adminuser/.m2/repository/picocontainer/picocontainer/1.2/picocontainer-1.2.jar:/home/adminuser/.m2/repository/commons-jxpath/commons-jxpath/1.3/commons-jxpath-1.3.jar:/home/adminuser/.m2/repository/commons-collections/commons-collections/3.1/commons-collections-3.1.jar:/home/adminuser/.m2/repository/org/eclipse/xsd/xsd/2.6.0/xsd-2.6.0.jar:/home/adminuser/.m2/repository/org/geotools/xsd/gt-xsd-gml2/12.2/gt-xsd-gml2-12.2.jar:/home/adminuser/.m2/repository/org/geotools/xsd/gt-xsd-gml3/12.2/gt-xsd-gml3-12.2.jar:/home/adminuser/.m2/repository/org/geotools/xsd/gt-xsd-fes/12.2/gt-xsd-fes-12.2.jar:/home/adminuser/.m2/repository/org/geotools/xsd/gt-xsd-ows/12.2/gt-xsd-ows-12.2.jar:/home/adminuser/.m2/repository/org/geotools/ogc/net.opengis.ows/12.2/net.opengis.ows-12.2.jar:/home/adminuser/.m2/repository/org/geotools/ogc/net.opengis.wfs/12.2/net.opengis.wfs-12.2.jar:/home/adminuser/.m2/repository/org/geotools/ogc/org.w3.xlink/12.2/org.w3.xlink-12.2.jar:/home/adminuser/.m2/repository/org/geotools/ogc/net.opengis.fes/12.2/net.opengis.fes-12.2.jar:/home/adminuser/.m2/repository/org/eclipse/emf/common/2.6.0/common-2.6.0.jar:/home/adminuser/.m2/repository/org/eclipse/emf/ecore/2.6.1/ecore-2.6.1.jar:/home/adminuser/.m2/repository/xpp3/xpp3_min/1.1.4c/xpp3_min-1.1.4c.jar:/home/adminuser/.m2/repository/commons-httpclient/commons-httpclient/3.1/commons-httpclient-3.1.jar:/home/adminuser/.m2/repository/commons-logging/commons-logging/1.0.4/commons-logging-1.0.4.jar:/home/adminuser/.m2/repository/commons-codec/commons-codec/1.2/commons-codec-1.2.jar:/home/adminuser/.m2/repository/commons-io/commons-io/2.1/commons-io-2.1.jar:/home/adminuser/.m2/repository/org/geotools/gt-geojson/12.2/gt-geojson-12.2.jar:/home/adminuser/.m2/repository/org/geotools/gt-main/12.2/gt-main-12.2.jar:/home/adminuser/.m2/repository/com/vividsolutions/jts/1.13/jts-1.13.jar:/home/adminuser/.m2/repository/com/googlecode/json-simple/json-simple/1.1/json-simple-1.1.jar:/home/adminuser/.m2/repository/org/ini4j/ini4j/0.5.1/ini4j-0.5.1.jar:/home/adminuser/.m2/repository/com/google/code/gson/gson/2.2.4/gson-2.2.4.jar:/home/adminuser/.m2/repository/org/apache/solr/solr-solrj/4.10.3/solr-solrj-4.10.3.jar:/home/adminuser/.m2/repository/org/apache/httpcomponents/httpclient/4.3.1/httpclient-4.3.1.jar:/home/adminuser/.m2/repository/org/apache/httpcomponents/httpcore/4.3/httpcore-4.3.jar:/home/adminuser/.m2/repository/org/apache/httpcomponents/httpmime/4.3.1/httpmime-4.3.1.jar:/home/adminuser/.m2/repository/org/apache/zookeeper/zookeeper/3.4.6/zookeeper-3.4.6.jar:/home/adminuser/.m2/repository/org/codehaus/woodstox/wstx-asl/3.2.7/wstx-asl-3.2.7.jar:/home/adminuser/.m2/repository/org/noggit/noggit/0.5/noggit-0.5.jar:"/>
    <property name="java.vm.specification.version" value="1.7"/>
    <property name="sun.arch.data.model" value="64"/>
    <property name="java.home" value="/usr/lib/jvm/java-7-openjdk-amd64/jre"/>
    <property name="sun.java.command" value="/home/adminuser/Desktop/workspace/lod4wfs/lod4wfs/target/surefire/surefirebooter8279300970177303748.jar /home/adminuser/Desktop/workspace/lod4wfs/lod4wfs/target/surefire/surefire959890036146440466tmp /home/adminuser/Desktop/workspace/lod4wfs/lod4wfs/target/surefire/surefire4773617651315747528tmp"/>
    <property name="java.specification.vendor" value="Oracle Corporation"/>
    <property name="user.language" value="en"/>
    <property name="awt.toolkit" value="sun.awt.X11.XToolkit"/>
    <property name="java.vm.info" value="mixed mode"/>
    <property name="java.version" value="1.7.0_79"/>
    <property name="java.ext.dirs" value="/usr/lib/jvm/java-7-openjdk-amd64/jre/lib/ext:/usr/java/packages/lib/ext"/>
    <property name="sun.boot.class.path" value="/usr/lib/jvm/java-7-openjdk-amd64/jre/lib/resources.jar:/usr/lib/jvm/java-7-openjdk-amd64/jre/lib/rt.jar:/usr/lib/jvm/java-7-openjdk-amd64/jre/lib/sunrsasign.jar:/usr/lib/jvm/java-7-openjdk-amd64/jre/lib/jsse.jar:/usr/lib/jvm/java-7-openjdk-amd64/jre/lib/jce.jar:/usr/lib/jvm/java-7-openjdk-amd64/jre/lib/charsets.jar:/usr/lib/jvm/java-7-openjdk-amd64/jre/lib/rhino.jar:/usr/lib/jvm/java-7-openjdk-amd64/jre/lib/jfr.jar:/usr/lib/jvm/java-7-openjdk-amd64/jre/classes"/>
    <property name="java.vendor" value="Oracle Corporation"/>
    <property name="localRepository" value="/home/adminuser/.m2/repository"/>
    <property name="file.separator" value="/"/>
    <property name="java.vendor.url.bug" value="http://bugreport.sun.com/bugreport/"/>
    <property name="sun.cpu.endian" value="little"/>
    <property name="sun.io.unicode.encoding" value="UnicodeLittle"/>
    <property name="sun.desktop" value="gnome"/>
    <property name="sun.cpu.isalist" value=""/>
  </properties>
</testsuite>